#
# There is insufficient memory for the Java Runtime Environment to continue.
# Native memory allocation (mmap) failed to map 134217728 bytes for Failed to commit area from 0x0000000081a00000 to 0x0000000089a00000 of length 134217728.
# Possible reasons:
#   The system is out of physical RAM or swap space
#   The process is running with CompressedOops enabled, and the Java Heap may be blocking the growth of the native heap
# Possible solutions:
#   Reduce memory load on the system
#   Increase physical memory or swap space
#   Check if swap backing store is full
#   Decrease Java heap size (-Xmx/-Xms)
#   Decrease number of Java threads
#   Decrease Java thread stack sizes (-Xss)
#   Set larger code cache with -XX:ReservedCodeCacheSize=
#   JVM is running with Unscaled Compressed Oops mode in which the Java heap is
#     placed in the first 4GB address space. The Java Heap base address is the
#     maximum limit for the native heap growth. Please use -XX:HeapBaseMinAddress
#     to set the Java Heap base and to place the Java Heap above 4GB virtual address.
# This output file may be truncated or incomplete.
#
#  Out of Memory Error (./open/src/hotspot/os/windows/os_windows.cpp:3315), pid=21672, tid=25368
#
# JRE version:  (14.0.2+12) (build )
# Java VM: Java HotSpot(TM) 64-Bit Server VM (14.0.2+12-46, mixed mode, sharing, tiered, compressed oops, g1 gc, windows-amd64)
# No core dump will be written. Minidumps are not enabled by default on client versions of Windows
#

---------------  S U M M A R Y ------------

Command Line: -Dfile.encoding=MS950 ChessGame

Host: Intel(R) Core(TM) i5-7300HQ CPU @ 2.50GHz, 4 cores, 7G,  Windows 10 , 64 bit Build 18362 (10.0.18362.1110)
Time: Sun Dec 13 02:23:25 2020 ¢Dx¢D_?D¡PCRE?! elapsed time: 0 seconds (0d 0h 0m 0s)

---------------  T H R E A D  ---------------

Current thread (0x000001eb7014a000):  JavaThread "Unknown thread" [_thread_in_vm, id=25368, stack(0x0000001490f00000,0x0000001491000000)]

Stack: [0x0000001490f00000,0x0000001491000000]
Native frames: (J=compiled Java code, j=interpreted, Vv=VM code, C=native code)
V  [jvm.dll+0x5f8a9a]
V  [jvm.dll+0x74247a]
V  [jvm.dll+0x743c2f]
V  [jvm.dll+0x744273]
V  [jvm.dll+0x20d288]
V  [jvm.dll+0x5f5dea]
V  [jvm.dll+0x5eac45]
V  [jvm.dll+0x2c7e9c]
V  [jvm.dll+0x2c7cd2]
V  [jvm.dll+0x2cdbbc]
V  [jvm.dll+0x313fe8]
V  [jvm.dll+0x313710]
V  [jvm.dll+0x2a092a]
V  [jvm.dll+0x2a1a79]
V  [jvm.dll+0x71fd48]
V  [jvm.dll+0x321c14]
V  [jvm.dll+0x70112c]
V  [jvm.dll+0x392def]
V  [jvm.dll+0x394e61]
C  [jli.dll+0x524b]
C  [ucrtbase.dll+0x210b2]
C  [KERNEL32.DLL+0x17c24]
C  [ntdll.dll+0x6d4d1]


---------------  P R O C E S S  ---------------

Threads class SMR info:
_java_thread_list=0x00007ff8e7643038, length=0, elements={
}

Java Threads: ( => current thread )

Other Threads:
  0x000001eb7018c800 GCTaskThread "GC Thread#0" [stack: 0x0000001491000000,0x0000001491100000] [id=15872]
  0x000001eb7019e000 ConcurrentGCThread "G1 Main Marker" [stack: 0x0000001491100000,0x0000001491200000] [id=25460]
  0x000001eb701a0800 ConcurrentGCThread "G1 Conc#0" [stack: 0x0000001491200000,0x0000001491300000] [id=25396]

[error occurred during error reporting (printing all threads), id 0xc0000005, EXCEPTION_ACCESS_VIOLATION (0xc0000005) at pc=0x00007ff8e6e71257]

VM state:not at safepoint (not fully initialized)

VM Mutex/Monitor currently owned by a thread:  ([mutex/lock_event])
[0x000001eb70146b00] Heap_lock - owner thread: 0x000001eb7014a000

Heap address: 0x0000000081a00000, size: 2022 MB, Compressed Oops mode: 32-bit
Narrow klass base: 0x0000000000000000, Narrow klass shift: 0

GC Heap History (0 events):
No events

Deoptimization events (0 events):
No events

Classes unloaded (0 events):
No events

Classes redefined (0 events):
No events

Internal exceptions (0 events):
No events

Events (2 events):
Event: 0.008 Loaded shared library C:\Program Files\Java\jdk-14.0.2\bin\java.dll
Event: 0.009 Loaded shared library C:\Program Files\Java\jdk-14.0.2\bin\zip.dll


Dynamic libraries:
0x00007ff7bc8d0000 - 0x00007ff7bc8df000 	C:\Program Files\Java\jdk-14.0.2\bin\javaw.exe
0x00007ff925c60000 - 0x00007ff925e50000 	C:\Windows\SYSTEM32\ntdll.dll
0x00007ff925430000 - 0x00007ff9254e2000 	C:\Windows\System32\KERNEL32.DLL
0x00007ff922be0000 - 0x00007ff922e85000 	C:\Windows\System32\KERNELBASE.dll
0x00007ff923230000 - 0x00007ff92332a000 	C:\Windows\System32\ucrtbase.dll
0x00007ff91c940000 - 0x00007ff91c955000 	C:\Program Files\Java\jdk-14.0.2\bin\VCRUNTIME140.dll
0x00007ff91c960000 - 0x00007ff91c978000 	C:\Program Files\Java\jdk-14.0.2\bin\jli.dll
0x00007ff9259d0000 - 0x00007ff925a73000 	C:\Windows\System32\ADVAPI32.dll
0x00007ff924240000 - 0x00007ff9242de000 	C:\Windows\System32\msvcrt.dll
0x00007ff924ca0000 - 0x00007ff924d37000 	C:\Windows\System32\sechost.dll
0x00007ff9242f0000 - 0x00007ff924410000 	C:\Windows\System32\RPCRT4.dll
0x00007ff925a80000 - 0x00007ff925c14000 	C:\Windows\System32\USER32.dll
0x00007ff910e10000 - 0x00007ff911094000 	C:\Windows\WinSxS\amd64_microsoft.windows.common-controls_6595b64144ccf1df_6.0.18362.1198_none_9e820b57e45ad92f\COMCTL32.dll
0x00007ff9230e0000 - 0x00007ff923101000 	C:\Windows\System32\win32u.dll
0x00007ff923f00000 - 0x00007ff924235000 	C:\Windows\System32\combase.dll
0x00007ff924610000 - 0x00007ff924636000 	C:\Windows\System32\GDI32.dll
0x00007ff9233e0000 - 0x00007ff923576000 	C:\Windows\System32\gdi32full.dll
0x00007ff9231b0000 - 0x00007ff923230000 	C:\Windows\System32\bcryptPrimitives.dll
0x00007ff922ef0000 - 0x00007ff922f8e000 	C:\Windows\System32\msvcp_win.dll
0x00007ff91abe0000 - 0x00007ff91abea000 	C:\Windows\SYSTEM32\VERSION.dll
0x00007ff924640000 - 0x00007ff92466e000 	C:\Windows\System32\IMM32.DLL
0x00007ff91c1e0000 - 0x00007ff91c27b000 	C:\Program Files\Java\jdk-14.0.2\bin\msvcp140.dll
0x00007ff8e6bc0000 - 0x00007ff8e76de000 	C:\Program Files\Java\jdk-14.0.2\bin\server\jvm.dll
0x00007ff9242e0000 - 0x00007ff9242e8000 	C:\Windows\System32\PSAPI.DLL
0x00007ff9202b0000 - 0x00007ff9202d4000 	C:\Windows\SYSTEM32\WINMM.dll
0x00007ff908dc0000 - 0x00007ff908dc9000 	C:\Windows\SYSTEM32\WSOCK32.dll
0x00007ff9258e0000 - 0x00007ff92594f000 	C:\Windows\System32\WS2_32.dll
0x00007ff920280000 - 0x00007ff9202ad000 	C:\Windows\SYSTEM32\WINMMBASE.dll
0x00007ff923160000 - 0x00007ff9231aa000 	C:\Windows\System32\cfgmgr32.dll
0x00007ff922b20000 - 0x00007ff922b31000 	C:\Windows\System32\kernel.appcore.dll
0x00007ff91c8b0000 - 0x00007ff91c8ba000 	C:\Program Files\Java\jdk-14.0.2\bin\jimage.dll
0x00007ff9214d0000 - 0x00007ff9216c4000 	C:\Windows\SYSTEM32\DBGHELP.DLL
0x00007ff90d4f0000 - 0x00007ff90d51a000 	C:\Windows\SYSTEM32\dbgcore.DLL
0x00007ff913420000 - 0x00007ff913445000 	C:\Program Files\Java\jdk-14.0.2\bin\java.dll
0x00007ff91ab20000 - 0x00007ff91ab36000 	C:\Program Files\Java\jdk-14.0.2\bin\zip.dll

dbghelp: loaded successfully - version: 4.0.5 - missing functions: none
symbol engine: initialized successfully - sym options: 0x614 - pdb path: .;C:\Program Files\Java\jdk-14.0.2\bin;C:\Windows\SYSTEM32;C:\Windows\WinSxS\amd64_microsoft.windows.common-controls_6595b64144ccf1df_6.0.18362.1198_none_9e820b57e45ad92f;C:\Program Files\Java\jdk-14.0.2\bin\server

VM Arguments:
jvm_args: -Dfile.encoding=MS950 
java_command: ChessGame
java_class_path (initial): C:\Users\ziyua\eclipse-workspace\ChessGame\bin
Launcher Type: SUN_STANDARD

[Global flags]
     intx CICompilerCount                          = 3                                         {product} {ergonomic}
     uint ConcGCThreads                            = 1                                         {product} {ergonomic}
     uint G1ConcRefinementThreads                  = 4                                         {product} {ergonomic}
   size_t G1HeapRegionSize                         = 1048576                                   {product} {ergonomic}
    uintx GCDrainStackTargetSize                   = 64                                        {product} {ergonomic}
   size_t InitialHeapSize                          = 134217728                                 {product} {ergonomic}
   size_t MarkStackSize                            = 4194304                                   {product} {ergonomic}
   size_t MaxHeapSize                              = 2120220672                                {product} {ergonomic}
   size_t MinHeapDeltaBytes                        = 1048576                                   {product} {ergonomic}
   size_t MinHeapSize                              = 8388608                                   {product} {ergonomic}
    uintx NonNMethodCodeHeapSize                   = 5832780                                {pd product} {ergonomic}
    uintx NonProfiledCodeHeapSize                  = 122912730                              {pd product} {ergonomic}
    uintx ProfiledCodeHeapSize                     = 122912730                              {pd product} {ergonomic}
    uintx ReservedCodeCacheSize                    = 251658240                              {pd product} {ergonomic}
     bool SegmentedCodeCache                       = true                                      {product} {ergonomic}
   size_t SoftMaxHeapSize                          = 2120220672                             {manageable} {ergonomic}
     bool UseCompressedClassPointers               = true                                 {lp64_product} {ergonomic}
     bool UseCompressedOops                        = true                                 {lp64_product} {ergonomic}
     bool UseG1GC                                  = true                                      {product} {ergonomic}
     bool UseLargePagesIndividualAllocation        = false                                  {pd product} {ergonomic}

Logging:
Log output configuration:
 #0: stdout all=warning uptime,level,tags
 #1: stderr all=off uptime,level,tags

Environment Variables:
PATH=C:/Program Files/Java/jdk-14.0.2/bin/server;C:/Program Files/Java/jdk-14.0.2/bin;C:\Windows\system32;C:\Windows;C:\Windows\System32\Wbem;C:\Windows\System32\WindowsPowerShell\v1.0\;C:\Windows\System32\OpenSSH\;C:\Program Files\Git\cmd;C:\Program Files (x86)\NVIDIA Corporation\PhysX\Common;C:\Users\ziyua\AppData\Local\Microsoft\WindowsApps;;C:\Users\ziyua\AppData\Local\Programs\Microsoft VS Code\bin;C:\Users\ziyua\Desktop;
USERNAME=ziyua
OS=Windows_NT
PROCESSOR_IDENTIFIER=Intel64 Family 6 Model 158 Stepping 9, GenuineIntel



---------------  S Y S T E M  ---------------

OS: Windows 10 , 64 bit Build 18362 (10.0.18362.1110)
OS uptime: 7 days 11:39 hours

CPU:total 4 (initial active 4) (4 cores per cpu, 1 threads per core) family 6 model 158 stepping 9, cmov, cx8, fxsr, mmx, sse, sse2, sse3, ssse3, sse4.1, sse4.2, popcnt, avx, avx2, aes, clmul, erms, 3dnowpref, lzcnt, tsc, tscinvbit, bmi1, bmi2, adx, fma

Memory: 4k page, system-wide physical 8084M (1879M free)
TotalPageFile size 23110M (AvailPageFile size 94M)
current process WorkingSet (physical memory assigned to process): 10M, peak: 10M
current process commit charge ("private bytes"): 52M, peak: 179M

vm_info: Java HotSpot(TM) 64-Bit Server VM (14.0.2+12-46) for windows-amd64 JRE (14.0.2+12-46), built on Jul  9 2020 00:35:52 by "mach5one" with MS VC++ 15.9 (VS2017)

END.
