#
# There is insufficient memory for the Java Runtime Environment to continue.
# Native memory allocation (malloc) failed to allocate 474960 bytes for Chunk::new
# Possible reasons:
#   The system is out of physical RAM or swap space
#   The process is running with CompressedOops enabled, and the Java Heap may be blocking the growth of the native heap
# Possible solutions:
#   Reduce memory load on the system
#   Increase physical memory or swap space
#   Check if swap backing store is full
#   Decrease Java heap size (-Xmx/-Xms)
#   Decrease number of Java threads
#   Decrease Java thread stack sizes (-Xss)
#   Set larger code cache with -XX:ReservedCodeCacheSize=
#   JVM is running with Unscaled Compressed Oops mode in which the Java heap is
#     placed in the first 4GB address space. The Java Heap base address is the
#     maximum limit for the native heap growth. Please use -XX:HeapBaseMinAddress
#     to set the Java Heap base and to place the Java Heap above 4GB virtual address.
# This output file may be truncated or incomplete.
#
#  Out of Memory Error (./open/src/hotspot/share/memory/arena.cpp:195), pid=24048, tid=18488
#
# JRE version: Java(TM) SE Runtime Environment (14.0.2+12) (build 14.0.2+12-46)
# Java VM: Java HotSpot(TM) 64-Bit Server VM (14.0.2+12-46, mixed mode, sharing, tiered, compressed oops, g1 gc, windows-amd64)
# No core dump will be written. Minidumps are not enabled by default on client versions of Windows
#

---------------  S U M M A R Y ------------

Command Line: -Dfile.encoding=MS950 ChessGame

Host: Intel(R) Core(TM) i5-7300HQ CPU @ 2.50GHz, 4 cores, 7G,  Windows 10 , 64 bit Build 18362 (10.0.18362.1110)
Time: Sun Dec 13 02:20:07 2020 ¢Dx¢D_?D¡PCRE?! elapsed time: 1 seconds (0d 0h 0m 1s)

---------------  T H R E A D  ---------------

Current thread (0x00000291bcccb000):  JavaThread "C2 CompilerThread0" daemon [_thread_in_native, id=18488, stack(0x000000944f900000,0x000000944fa00000)]


Current CompileTask:
C2:   1367  930 % !   4       sun.awt.image.ImageRepresentation::getOpaqueRGBImage @ 54 (164 bytes)

Stack: [0x000000944f900000,0x000000944fa00000]
Native frames: (J=compiled Java code, j=interpreted, Vv=VM code, C=native code)
V  [jvm.dll+0x5f8a9a]
V  [jvm.dll+0x74247a]
V  [jvm.dll+0x743c2f]
V  [jvm.dll+0x744273]
V  [jvm.dll+0x20d288]
V  [jvm.dll+0xabb07]
V  [jvm.dll+0xac1fc]
V  [jvm.dll+0x31c495]
V  [jvm.dll+0x2e6b38]
V  [jvm.dll+0x2e5f3a]
V  [jvm.dll+0x1e5e16]
V  [jvm.dll+0x1e50b8]
V  [jvm.dll+0x1779cc]
V  [jvm.dll+0x1f4105]
V  [jvm.dll+0x1f22eb]
V  [jvm.dll+0x7070cd]
V  [jvm.dll+0x6ffeda]
V  [jvm.dll+0x5f78f6]
C  [ucrtbase.dll+0x210b2]
C  [KERNEL32.DLL+0x17c24]
C  [ntdll.dll+0x6d4d1]


---------------  P R O C E S S  ---------------

Threads class SMR info:
_java_thread_list=0x00000291be5b1ac0, length=17, elements={
0x00000291bcc81800, 0x00000291bcc83000, 0x00000291bccbf000, 0x00000291bccc2000,
0x00000291bccc3800, 0x00000291bcccb000, 0x00000291bccd5000, 0x00000291bccdb800,
0x00000291bd67a000, 0x00000291bd687000, 0x00000291bd89a800, 0x00000291bd89e000,
0x00000291bd8a5800, 0x00000291bd92d800, 0x00000291be3fd800, 0x000002919e4cc800,
0x00000291be71d000
}

Java Threads: ( => current thread )
  0x00000291bcc81800 JavaThread "Reference Handler" daemon [_thread_blocked, id=20596, stack(0x000000944f400000,0x000000944f500000)]
  0x00000291bcc83000 JavaThread "Finalizer" daemon [_thread_blocked, id=24764, stack(0x000000944f500000,0x000000944f600000)]
  0x00000291bccbf000 JavaThread "Signal Dispatcher" daemon [_thread_blocked, id=11812, stack(0x000000944f600000,0x000000944f700000)]
  0x00000291bccc2000 JavaThread "Attach Listener" daemon [_thread_blocked, id=24804, stack(0x000000944f700000,0x000000944f800000)]
  0x00000291bccc3800 JavaThread "Service Thread" daemon [_thread_blocked, id=25368, stack(0x000000944f800000,0x000000944f900000)]
=>0x00000291bcccb000 JavaThread "C2 CompilerThread0" daemon [_thread_in_native, id=18488, stack(0x000000944f900000,0x000000944fa00000)]
  0x00000291bccd5000 JavaThread "C1 CompilerThread0" daemon [_thread_blocked, id=15872, stack(0x000000944fa00000,0x000000944fb00000)]
  0x00000291bccdb800 JavaThread "Sweeper thread" daemon [_thread_blocked, id=25196, stack(0x000000944fb00000,0x000000944fc00000)]
  0x00000291bd67a000 JavaThread "Notification Thread" daemon [_thread_blocked, id=25188, stack(0x000000944fc00000,0x000000944fd00000)]
  0x00000291bd687000 JavaThread "Common-Cleaner" daemon [_thread_blocked, id=20024, stack(0x000000944fe00000,0x000000944ff00000)]
  0x00000291bd89a800 JavaThread "Java2D Disposer" daemon [_thread_blocked, id=24896, stack(0x000000944ff00000,0x0000009450000000)]
  0x00000291bd89e000 JavaThread "AWT-Shutdown" [_thread_blocked, id=25360, stack(0x0000009450000000,0x0000009450100000)]
  0x00000291bd8a5800 JavaThread "AWT-Windows" daemon [_thread_in_native, id=25396, stack(0x0000009450100000,0x0000009450200000)]
  0x00000291bd92d800 JavaThread "Image Fetcher 0" daemon [_thread_blocked, id=25084, stack(0x0000009450200000,0x0000009450300000)]
  0x00000291be3fd800 JavaThread "AWT-EventQueue-0" [_thread_blocked, id=23984, stack(0x0000009450300000,0x0000009450400000)]
  0x000002919e4cc800 JavaThread "DestroyJavaVM" [_thread_blocked, id=19296, stack(0x000000944ed00000,0x000000944ee00000)]
  0x00000291be71d000 JavaThread "C2 CompilerThread1" daemon [_thread_in_native, id=23156, stack(0x0000009450900000,0x0000009450a00000)]

Other Threads:
  0x00000291bcc7c800 VMThread "VM Thread" [stack: 0x000000944f300000,0x000000944f400000] [id=25192]
  0x00000291bd685800 WatcherThread [stack: 0x000000944fd00000,0x000000944fe00000] [id=25460]
  0x000002919e50d800 GCTaskThread "GC Thread#0" [stack: 0x000000944ee00000,0x000000944ef00000] [id=21672]
  0x00000291be78d800 GCTaskThread "GC Thread#1" [stack: 0x0000009450400000,0x0000009450500000] [id=25184]
  0x00000291be6e7000 GCTaskThread "GC Thread#2" [stack: 0x0000009450500000,0x0000009450600000] [id=24256]
  0x00000291be861000 GCTaskThread "GC Thread#3" [stack: 0x0000009450600000,0x0000009450700000] [id=25544]
  0x000002919e521000 ConcurrentGCThread "G1 Main Marker" [stack: 0x000000944ef00000,0x000000944f000000] [id=24436]
  0x000002919e523800 ConcurrentGCThread "G1 Conc#0" [stack: 0x000000944f000000,0x000000944f100000] [id=7552]
  0x00000291bcaf0800 ConcurrentGCThread "G1 Refine#0" [stack: 0x000000944f100000,0x000000944f200000] [id=3764]
  0x00000291be864800 ConcurrentGCThread "G1 Refine#1" [stack: 0x0000009450700000,0x0000009450800000] [id=24460]
  0x00000291bd6da000 ConcurrentGCThread "G1 Refine#2" [stack: 0x0000009450800000,0x0000009450900000] [id=25556]
  0x00000291bcaf1800 ConcurrentGCThread "G1 Young RemSet Sampling" [stack: 0x000000944f200000,0x000000944f300000] [id=25056]

Threads with active compile tasks:
C2 CompilerThread0     1402  930 % !   4       sun.awt.image.ImageRepresentation::getOpaqueRGBImage @ 54 (164 bytes)
C2 CompilerThread1     1402  928       4       sun.awt.image.PNGImageDecoder::filterRow (460 bytes)

VM state:not at safepoint (normal execution)

VM Mutex/Monitor currently owned by a thread: None

Heap address: 0x0000000081a00000, size: 2022 MB, Compressed Oops mode: 32-bit
Narrow klass base: 0x0000000800000000, Narrow klass shift: 3
Compressed class space size: 1073741824 Address: 0x0000000800b30000

Heap:
 garbage-first heap   total 131072K, used 19283K [0x0000000081a00000, 0x0000000100000000)
  region size 1024K, 7 young (7168K), 2 survivors (2048K)
 Metaspace       used 7182K, capacity 7469K, committed 7680K, reserved 1056768K
  class space    used 797K, capacity 921K, committed 1024K, reserved 1048576K
Heap Regions: E=young(eden), S=young(survivor), O=old, HS=humongous(starts), HC=humongous(continues), CS=collection set, F=free, OA=open archive, CA=closed archive, TAMS=top-at-mark-start (previous, next)
|   0|0x0000000081a00000, 0x0000000081b00000, 0x0000000081b00000|100%|HS|  |TAMS 0x0000000081a00000, 0x0000000081a00000| Complete 
|   1|0x0000000081b00000, 0x0000000081c00000, 0x0000000081c00000|100%|HS|  |TAMS 0x0000000081b00000, 0x0000000081b00000| Complete 
|   2|0x0000000081c00000, 0x0000000081d00000, 0x0000000081d00000|100%|HC|  |TAMS 0x0000000081c00000, 0x0000000081c00000| Complete 
|   3|0x0000000081d00000, 0x0000000081e00000, 0x0000000081e00000|100%| O|  |TAMS 0x0000000081d00000, 0x0000000081d00000| Untracked 
|   4|0x0000000081e00000, 0x0000000081f00000, 0x0000000081f00000|100%| O|  |TAMS 0x0000000081e00000, 0x0000000081e00000| Untracked 
|   5|0x0000000081f00000, 0x0000000081fd4e00, 0x0000000082000000| 83%| O|  |TAMS 0x0000000081f00000, 0x0000000081f00000| Untracked 
|   6|0x0000000082000000, 0x0000000082100000, 0x0000000082100000|100%|HS|  |TAMS 0x0000000082000000, 0x0000000082000000| Complete 
|   7|0x0000000082100000, 0x0000000082200000, 0x0000000082200000|100%|HC|  |TAMS 0x0000000082100000, 0x0000000082100000| Complete 
|   8|0x0000000082200000, 0x0000000082300000, 0x0000000082300000|100%|HS|  |TAMS 0x0000000082200000, 0x0000000082200000| Complete 
|   9|0x0000000082300000, 0x0000000082400000, 0x0000000082400000|100%|HC|  |TAMS 0x0000000082300000, 0x0000000082300000| Complete 
|  10|0x0000000082400000, 0x0000000082500000, 0x0000000082500000|100%|HC|  |TAMS 0x0000000082400000, 0x0000000082400000| Complete 
|  11|0x0000000082500000, 0x0000000082600000, 0x0000000082600000|100%|HC|  |TAMS 0x0000000082500000, 0x0000000082500000| Complete 
|  12|0x0000000082600000, 0x0000000082700000, 0x0000000082700000|100%|HC|  |TAMS 0x0000000082600000, 0x0000000082600000| Complete 
|  13|0x0000000082700000, 0x0000000082800000, 0x0000000082800000|100%|HC|  |TAMS 0x0000000082700000, 0x0000000082700000| Complete 
|  14|0x0000000082800000, 0x0000000082800000, 0x0000000082900000|  0%| F|  |TAMS 0x0000000082800000, 0x0000000082800000| Untracked 
|  15|0x0000000082900000, 0x0000000082900000, 0x0000000082a00000|  0%| F|  |TAMS 0x0000000082900000, 0x0000000082900000| Untracked 
|  16|0x0000000082a00000, 0x0000000082a00000, 0x0000000082b00000|  0%| F|  |TAMS 0x0000000082a00000, 0x0000000082a00000| Untracked 
|  17|0x0000000082b00000, 0x0000000082b00000, 0x0000000082c00000|  0%| F|  |TAMS 0x0000000082b00000, 0x0000000082b00000| Untracked 
|  18|0x0000000082c00000, 0x0000000082c00000, 0x0000000082d00000|  0%| F|  |TAMS 0x0000000082c00000, 0x0000000082c00000| Untracked 
|  19|0x0000000082d00000, 0x0000000082d00000, 0x0000000082e00000|  0%| F|  |TAMS 0x0000000082d00000, 0x0000000082d00000| Untracked 
|  20|0x0000000082e00000, 0x0000000082e00000, 0x0000000082f00000|  0%| F|  |TAMS 0x0000000082e00000, 0x0000000082e00000| Untracked 
|  21|0x0000000082f00000, 0x0000000082f00000, 0x0000000083000000|  0%| F|  |TAMS 0x0000000082f00000, 0x0000000082f00000| Untracked 
|  22|0x0000000083000000, 0x0000000083000000, 0x0000000083100000|  0%| F|  |TAMS 0x0000000083000000, 0x0000000083000000| Untracked 
|  23|0x0000000083100000, 0x0000000083100000, 0x0000000083200000|  0%| F|  |TAMS 0x0000000083100000, 0x0000000083100000| Untracked 
|  24|0x0000000083200000, 0x0000000083200000, 0x0000000083300000|  0%| F|  |TAMS 0x0000000083200000, 0x0000000083200000| Untracked 
|  25|0x0000000083300000, 0x0000000083300000, 0x0000000083400000|  0%| F|  |TAMS 0x0000000083300000, 0x0000000083300000| Untracked 
|  26|0x0000000083400000, 0x0000000083400000, 0x0000000083500000|  0%| F|  |TAMS 0x0000000083400000, 0x0000000083400000| Untracked 
|  27|0x0000000083500000, 0x0000000083500000, 0x0000000083600000|  0%| F|  |TAMS 0x0000000083500000, 0x0000000083500000| Untracked 
|  28|0x0000000083600000, 0x0000000083600000, 0x0000000083700000|  0%| F|  |TAMS 0x0000000083600000, 0x0000000083600000| Untracked 
|  29|0x0000000083700000, 0x0000000083700000, 0x0000000083800000|  0%| F|  |TAMS 0x0000000083700000, 0x0000000083700000| Untracked 
|  30|0x0000000083800000, 0x0000000083800000, 0x0000000083900000|  0%| F|  |TAMS 0x0000000083800000, 0x0000000083800000| Untracked 
|  31|0x0000000083900000, 0x0000000083900000, 0x0000000083a00000|  0%| F|  |TAMS 0x0000000083900000, 0x0000000083900000| Untracked 
|  32|0x0000000083a00000, 0x0000000083a00000, 0x0000000083b00000|  0%| F|  |TAMS 0x0000000083a00000, 0x0000000083a00000| Untracked 
|  33|0x0000000083b00000, 0x0000000083b00000, 0x0000000083c00000|  0%| F|  |TAMS 0x0000000083b00000, 0x0000000083b00000| Untracked 
|  34|0x0000000083c00000, 0x0000000083c00000, 0x0000000083d00000|  0%| F|  |TAMS 0x0000000083c00000, 0x0000000083c00000| Untracked 
|  35|0x0000000083d00000, 0x0000000083d00000, 0x0000000083e00000|  0%| F|  |TAMS 0x0000000083d00000, 0x0000000083d00000| Untracked 
|  36|0x0000000083e00000, 0x0000000083e00000, 0x0000000083f00000|  0%| F|  |TAMS 0x0000000083e00000, 0x0000000083e00000| Untracked 
|  37|0x0000000083f00000, 0x0000000083f00000, 0x0000000084000000|  0%| F|  |TAMS 0x0000000083f00000, 0x0000000083f00000| Untracked 
|  38|0x0000000084000000, 0x0000000084000000, 0x0000000084100000|  0%| F|  |TAMS 0x0000000084000000, 0x0000000084000000| Untracked 
|  39|0x0000000084100000, 0x0000000084100000, 0x0000000084200000|  0%| F|  |TAMS 0x0000000084100000, 0x0000000084100000| Untracked 
|  40|0x0000000084200000, 0x0000000084200000, 0x0000000084300000|  0%| F|  |TAMS 0x0000000084200000, 0x0000000084200000| Untracked 
|  41|0x0000000084300000, 0x0000000084300000, 0x0000000084400000|  0%| F|  |TAMS 0x0000000084300000, 0x0000000084300000| Untracked 
|  42|0x0000000084400000, 0x0000000084400000, 0x0000000084500000|  0%| F|  |TAMS 0x0000000084400000, 0x0000000084400000| Untracked 
|  43|0x0000000084500000, 0x0000000084500000, 0x0000000084600000|  0%| F|  |TAMS 0x0000000084500000, 0x0000000084500000| Untracked 
|  44|0x0000000084600000, 0x0000000084600000, 0x0000000084700000|  0%| F|  |TAMS 0x0000000084600000, 0x0000000084600000| Untracked 
|  45|0x0000000084700000, 0x0000000084700000, 0x0000000084800000|  0%| F|  |TAMS 0x0000000084700000, 0x0000000084700000| Untracked 
|  46|0x0000000084800000, 0x0000000084800000, 0x0000000084900000|  0%| F|  |TAMS 0x0000000084800000, 0x0000000084800000| Untracked 
|  47|0x0000000084900000, 0x0000000084900000, 0x0000000084a00000|  0%| F|  |TAMS 0x0000000084900000, 0x0000000084900000| Untracked 
|  48|0x0000000084a00000, 0x0000000084a00000, 0x0000000084b00000|  0%| F|  |TAMS 0x0000000084a00000, 0x0000000084a00000| Untracked 
|  49|0x0000000084b00000, 0x0000000084b00000, 0x0000000084c00000|  0%| F|  |TAMS 0x0000000084b00000, 0x0000000084b00000| Untracked 
|  50|0x0000000084c00000, 0x0000000084c00000, 0x0000000084d00000|  0%| F|  |TAMS 0x0000000084c00000, 0x0000000084c00000| Untracked 
|  51|0x0000000084d00000, 0x0000000084d00000, 0x0000000084e00000|  0%| F|  |TAMS 0x0000000084d00000, 0x0000000084d00000| Untracked 
|  52|0x0000000084e00000, 0x0000000084e00000, 0x0000000084f00000|  0%| F|  |TAMS 0x0000000084e00000, 0x0000000084e00000| Untracked 
|  53|0x0000000084f00000, 0x0000000084f00000, 0x0000000085000000|  0%| F|  |TAMS 0x0000000084f00000, 0x0000000084f00000| Untracked 
|  54|0x0000000085000000, 0x0000000085000000, 0x0000000085100000|  0%| F|  |TAMS 0x0000000085000000, 0x0000000085000000| Untracked 
|  55|0x0000000085100000, 0x0000000085100000, 0x0000000085200000|  0%| F|  |TAMS 0x0000000085100000, 0x0000000085100000| Untracked 
|  56|0x0000000085200000, 0x0000000085200000, 0x0000000085300000|  0%| F|  |TAMS 0x0000000085200000, 0x0000000085200000| Untracked 
|  57|0x0000000085300000, 0x0000000085300000, 0x0000000085400000|  0%| F|  |TAMS 0x0000000085300000, 0x0000000085300000| Untracked 
|  58|0x0000000085400000, 0x0000000085400000, 0x0000000085500000|  0%| F|  |TAMS 0x0000000085400000, 0x0000000085400000| Untracked 
|  59|0x0000000085500000, 0x0000000085500000, 0x0000000085600000|  0%| F|  |TAMS 0x0000000085500000, 0x0000000085500000| Untracked 
|  60|0x0000000085600000, 0x0000000085600000, 0x0000000085700000|  0%| F|  |TAMS 0x0000000085600000, 0x0000000085600000| Untracked 
|  61|0x0000000085700000, 0x0000000085700000, 0x0000000085800000|  0%| F|  |TAMS 0x0000000085700000, 0x0000000085700000| Untracked 
|  62|0x0000000085800000, 0x0000000085800000, 0x0000000085900000|  0%| F|  |TAMS 0x0000000085800000, 0x0000000085800000| Untracked 
|  63|0x0000000085900000, 0x0000000085900000, 0x0000000085a00000|  0%| F|  |TAMS 0x0000000085900000, 0x0000000085900000| Untracked 
|  64|0x0000000085a00000, 0x0000000085a00000, 0x0000000085b00000|  0%| F|  |TAMS 0x0000000085a00000, 0x0000000085a00000| Untracked 
|  65|0x0000000085b00000, 0x0000000085b00000, 0x0000000085c00000|  0%| F|  |TAMS 0x0000000085b00000, 0x0000000085b00000| Untracked 
|  66|0x0000000085c00000, 0x0000000085c00000, 0x0000000085d00000|  0%| F|  |TAMS 0x0000000085c00000, 0x0000000085c00000| Untracked 
|  67|0x0000000085d00000, 0x0000000085d00000, 0x0000000085e00000|  0%| F|  |TAMS 0x0000000085d00000, 0x0000000085d00000| Untracked 
|  68|0x0000000085e00000, 0x0000000085e00000, 0x0000000085f00000|  0%| F|  |TAMS 0x0000000085e00000, 0x0000000085e00000| Untracked 
|  69|0x0000000085f00000, 0x0000000085f00000, 0x0000000086000000|  0%| F|  |TAMS 0x0000000085f00000, 0x0000000085f00000| Untracked 
|  70|0x0000000086000000, 0x0000000086000000, 0x0000000086100000|  0%| F|  |TAMS 0x0000000086000000, 0x0000000086000000| Untracked 
|  71|0x0000000086100000, 0x0000000086100000, 0x0000000086200000|  0%| F|  |TAMS 0x0000000086100000, 0x0000000086100000| Untracked 
|  72|0x0000000086200000, 0x0000000086200000, 0x0000000086300000|  0%| F|  |TAMS 0x0000000086200000, 0x0000000086200000| Untracked 
|  73|0x0000000086300000, 0x0000000086300000, 0x0000000086400000|  0%| F|  |TAMS 0x0000000086300000, 0x0000000086300000| Untracked 
|  74|0x0000000086400000, 0x0000000086400000, 0x0000000086500000|  0%| F|  |TAMS 0x0000000086400000, 0x0000000086400000| Untracked 
|  75|0x0000000086500000, 0x0000000086500000, 0x0000000086600000|  0%| F|  |TAMS 0x0000000086500000, 0x0000000086500000| Untracked 
|  76|0x0000000086600000, 0x0000000086600000, 0x0000000086700000|  0%| F|  |TAMS 0x0000000086600000, 0x0000000086600000| Untracked 
|  77|0x0000000086700000, 0x0000000086700000, 0x0000000086800000|  0%| F|  |TAMS 0x0000000086700000, 0x0000000086700000| Untracked 
|  78|0x0000000086800000, 0x0000000086800000, 0x0000000086900000|  0%| F|  |TAMS 0x0000000086800000, 0x0000000086800000| Untracked 
|  79|0x0000000086900000, 0x0000000086900000, 0x0000000086a00000|  0%| F|  |TAMS 0x0000000086900000, 0x0000000086900000| Untracked 
|  80|0x0000000086a00000, 0x0000000086a00000, 0x0000000086b00000|  0%| F|  |TAMS 0x0000000086a00000, 0x0000000086a00000| Untracked 
|  81|0x0000000086b00000, 0x0000000086b00000, 0x0000000086c00000|  0%| F|  |TAMS 0x0000000086b00000, 0x0000000086b00000| Untracked 
|  82|0x0000000086c00000, 0x0000000086c00000, 0x0000000086d00000|  0%| F|  |TAMS 0x0000000086c00000, 0x0000000086c00000| Untracked 
|  83|0x0000000086d00000, 0x0000000086d00000, 0x0000000086e00000|  0%| F|  |TAMS 0x0000000086d00000, 0x0000000086d00000| Untracked 
|  84|0x0000000086e00000, 0x0000000086e00000, 0x0000000086f00000|  0%| F|  |TAMS 0x0000000086e00000, 0x0000000086e00000| Untracked 
|  85|0x0000000086f00000, 0x0000000086f00000, 0x0000000087000000|  0%| F|  |TAMS 0x0000000086f00000, 0x0000000086f00000| Untracked 
|  86|0x0000000087000000, 0x0000000087000000, 0x0000000087100000|  0%| F|  |TAMS 0x0000000087000000, 0x0000000087000000| Untracked 
|  87|0x0000000087100000, 0x0000000087100000, 0x0000000087200000|  0%| F|  |TAMS 0x0000000087100000, 0x0000000087100000| Untracked 
|  88|0x0000000087200000, 0x0000000087200000, 0x0000000087300000|  0%| F|  |TAMS 0x0000000087200000, 0x0000000087200000| Untracked 
|  89|0x0000000087300000, 0x0000000087300000, 0x0000000087400000|  0%| F|  |TAMS 0x0000000087300000, 0x0000000087300000| Untracked 
|  90|0x0000000087400000, 0x0000000087400000, 0x0000000087500000|  0%| F|  |TAMS 0x0000000087400000, 0x0000000087400000| Untracked 
|  91|0x0000000087500000, 0x0000000087500000, 0x0000000087600000|  0%| F|  |TAMS 0x0000000087500000, 0x0000000087500000| Untracked 
|  92|0x0000000087600000, 0x0000000087600000, 0x0000000087700000|  0%| F|  |TAMS 0x0000000087600000, 0x0000000087600000| Untracked 
|  93|0x0000000087700000, 0x0000000087700000, 0x0000000087800000|  0%| F|  |TAMS 0x0000000087700000, 0x0000000087700000| Untracked 
|  94|0x0000000087800000, 0x0000000087800000, 0x0000000087900000|  0%| F|  |TAMS 0x0000000087800000, 0x0000000087800000| Untracked 
|  95|0x0000000087900000, 0x0000000087900000, 0x0000000087a00000|  0%| F|  |TAMS 0x0000000087900000, 0x0000000087900000| Untracked 
|  96|0x0000000087a00000, 0x0000000087a00000, 0x0000000087b00000|  0%| F|  |TAMS 0x0000000087a00000, 0x0000000087a00000| Untracked 
|  97|0x0000000087b00000, 0x0000000087b00000, 0x0000000087c00000|  0%| F|  |TAMS 0x0000000087b00000, 0x0000000087b00000| Untracked 
|  98|0x0000000087c00000, 0x0000000087c00000, 0x0000000087d00000|  0%| F|  |TAMS 0x0000000087c00000, 0x0000000087c00000| Untracked 
|  99|0x0000000087d00000, 0x0000000087d00000, 0x0000000087e00000|  0%| F|  |TAMS 0x0000000087d00000, 0x0000000087d00000| Untracked 
| 100|0x0000000087e00000, 0x0000000087e00000, 0x0000000087f00000|  0%| F|  |TAMS 0x0000000087e00000, 0x0000000087e00000| Untracked 
| 101|0x0000000087f00000, 0x0000000087f00000, 0x0000000088000000|  0%| F|  |TAMS 0x0000000087f00000, 0x0000000087f00000| Untracked 
| 102|0x0000000088000000, 0x0000000088000000, 0x0000000088100000|  0%| F|  |TAMS 0x0000000088000000, 0x0000000088000000| Untracked 
| 103|0x0000000088100000, 0x0000000088100000, 0x0000000088200000|  0%| F|  |TAMS 0x0000000088100000, 0x0000000088100000| Untracked 
| 104|0x0000000088200000, 0x0000000088200000, 0x0000000088300000|  0%| F|  |TAMS 0x0000000088200000, 0x0000000088200000| Untracked 
| 105|0x0000000088300000, 0x0000000088300000, 0x0000000088400000|  0%| F|  |TAMS 0x0000000088300000, 0x0000000088300000| Untracked 
| 106|0x0000000088400000, 0x0000000088400000, 0x0000000088500000|  0%| F|  |TAMS 0x0000000088400000, 0x0000000088400000| Untracked 
| 107|0x0000000088500000, 0x0000000088500000, 0x0000000088600000|  0%| F|  |TAMS 0x0000000088500000, 0x0000000088500000| Untracked 
| 108|0x0000000088600000, 0x0000000088600000, 0x0000000088700000|  0%| F|  |TAMS 0x0000000088600000, 0x0000000088600000| Untracked 
| 109|0x0000000088700000, 0x0000000088700000, 0x0000000088800000|  0%| F|  |TAMS 0x0000000088700000, 0x0000000088700000| Untracked 
| 110|0x0000000088800000, 0x0000000088800000, 0x0000000088900000|  0%| F|  |TAMS 0x0000000088800000, 0x0000000088800000| Untracked 
| 111|0x0000000088900000, 0x0000000088900000, 0x0000000088a00000|  0%| F|  |TAMS 0x0000000088900000, 0x0000000088900000| Untracked 
| 112|0x0000000088a00000, 0x0000000088a00000, 0x0000000088b00000|  0%| F|  |TAMS 0x0000000088a00000, 0x0000000088a00000| Untracked 
| 113|0x0000000088b00000, 0x0000000088c00000, 0x0000000088c00000|100%| S|CS|TAMS 0x0000000088b00000, 0x0000000088b00000| Complete 
| 114|0x0000000088c00000, 0x0000000088d00000, 0x0000000088d00000|100%| S|CS|TAMS 0x0000000088c00000, 0x0000000088c00000| Complete 
| 115|0x0000000088d00000, 0x0000000088d00000, 0x0000000088e00000|  0%| F|  |TAMS 0x0000000088d00000, 0x0000000088d00000| Untracked 
| 116|0x0000000088e00000, 0x0000000088e00000, 0x0000000088f00000|  0%| F|  |TAMS 0x0000000088e00000, 0x0000000088e00000| Untracked 
| 117|0x0000000088f00000, 0x0000000088f00000, 0x0000000089000000|  0%| F|  |TAMS 0x0000000088f00000, 0x0000000088f00000| Untracked 
| 118|0x0000000089000000, 0x0000000089000000, 0x0000000089100000|  0%| F|  |TAMS 0x0000000089000000, 0x0000000089000000| Untracked 
| 119|0x0000000089100000, 0x0000000089100000, 0x0000000089200000|  0%| F|  |TAMS 0x0000000089100000, 0x0000000089100000| Untracked 
| 120|0x0000000089200000, 0x0000000089200000, 0x0000000089300000|  0%| F|  |TAMS 0x0000000089200000, 0x0000000089200000| Untracked 
| 121|0x0000000089300000, 0x0000000089300000, 0x0000000089400000|  0%| F|  |TAMS 0x0000000089300000, 0x0000000089300000| Untracked 
| 122|0x0000000089400000, 0x0000000089400000, 0x0000000089500000|  0%| F|  |TAMS 0x0000000089400000, 0x0000000089400000| Untracked 
| 123|0x0000000089500000, 0x000000008954daf8, 0x0000000089600000| 30%| E|  |TAMS 0x0000000089500000, 0x0000000089500000| Complete 
| 124|0x0000000089600000, 0x0000000089700000, 0x0000000089700000|100%| E|CS|TAMS 0x0000000089600000, 0x0000000089600000| Complete 
| 125|0x0000000089700000, 0x0000000089800000, 0x0000000089800000|100%| E|CS|TAMS 0x0000000089700000, 0x0000000089700000| Complete 
| 126|0x0000000089800000, 0x0000000089900000, 0x0000000089900000|100%| E|  |TAMS 0x0000000089800000, 0x0000000089800000| Complete 
| 127|0x0000000089900000, 0x0000000089a00000, 0x0000000089a00000|100%| E|CS|TAMS 0x0000000089900000, 0x0000000089900000| Complete 

Card table byte_map: [0x00000291b6070000,0x00000291b6470000] _byte_map_base: 0x00000291b5c63000

Marking Bits (Prev, Next): (CMBitMap*) 0x000002919e50e288, (CMBitMap*) 0x000002919e50e2c8
 Prev Bits: [0x00000291b6870000, 0x00000291b8808000)
 Next Bits: [0x00000291b8810000, 0x00000291ba7a8000)

Polling page: 0x000002919dca0000

Metaspace:

Usage:
  Non-class:      6.39 MB capacity,     6.24 MB ( 98%) used,   144.99 KB (  2%) free+waste,    17.94 KB ( <1%) overhead. 
      Class:    921.00 KB capacity,   797.42 KB ( 87%) used,   111.58 KB ( 12%) free+waste,    12.00 KB (  1%) overhead. 
       Both:      7.29 MB capacity,     7.01 MB ( 96%) used,   256.57 KB (  3%) free+waste,    29.94 KB ( <1%) overhead. 

Virtual space:
  Non-class space:        8.00 MB reserved,       6.50 MB ( 81%) committed 
      Class space:        1.00 GB reserved,       1.00 MB ( <1%) committed 
             Both:        1.01 GB reserved,       7.50 MB ( <1%) committed 

Chunk freelists:
   Non-Class:  44.00 KB
       Class:  7.00 KB
        Both:  51.00 KB

MaxMetaspaceSize: 17179869184.00 GB
CompressedClassSpaceSize: 1.00 GB

CodeHeap 'non-profiled nmethods': size=120000Kb used=283Kb max_used=283Kb free=119716Kb
 bounds [0x00000291ae740000, 0x00000291ae9b0000, 0x00000291b5c70000]
CodeHeap 'profiled nmethods': size=120000Kb used=1590Kb max_used=1590Kb free=118409Kb
 bounds [0x00000291a7210000, 0x00000291a7480000, 0x00000291ae740000]
CodeHeap 'non-nmethods': size=5760Kb used=1262Kb max_used=1288Kb free=4497Kb
 bounds [0x00000291a6c70000, 0x00000291a6ee0000, 0x00000291a7210000]
 total_blobs=1491 nmethods=944 adapters=460
 compilation: enabled
              stopped_count=0, restarted_count=0
 full_count=0

Compilation events (20 events):
Event: 1.310 Thread 0x00000291bccd5000 nmethod 926 0x00000291a7397910 code [0x00000291a7397aa0, 0x00000291a7397bd8]
Event: 1.311 Thread 0x00000291bccd5000  927       3       sun.awt.image.PNGImageDecoder::getInt (59 bytes)
Event: 1.311 Thread 0x00000291bccd5000 nmethod 927 0x00000291a7397c90 code [0x00000291a7397e20, 0x00000291a7398018]
Event: 1.325 Thread 0x00000291bccd5000  929 % !   3       sun.awt.image.ImageRepresentation::getOpaqueRGBImage @ 54 (164 bytes)
Event: 1.326 Thread 0x00000291bccd5000 nmethod 929% 0x00000291a7398110 code [0x00000291a7398380, 0x00000291a73990d8]
Event: 1.329 Thread 0x00000291bccd5000  931       3       java.lang.StringLatin1::indexOf (121 bytes)
Event: 1.329 Thread 0x00000291bccd5000 nmethod 931 0x00000291a7399710 code [0x00000291a73998e0, 0x00000291a7399db8]
Event: 1.330 Thread 0x00000291be71d000  928       4       sun.awt.image.PNGImageDecoder::filterRow (460 bytes)
Event: 1.330 Thread 0x00000291bcccb000 nmethod 901 0x00000291ae77fa10 code [0x00000291ae77fe40, 0x00000291ae7830d0]
Event: 1.330 Thread 0x00000291bcccb000  925       4       java.io.BufferedInputStream::read1 (108 bytes)
Event: 1.335 Thread 0x00000291bccd5000  932       1       java.awt.Component::getObjectLock (5 bytes)
Event: 1.335 Thread 0x00000291bccd5000 nmethod 932 0x00000291ae784710 code [0x00000291ae7848a0, 0x00000291ae784978]
Event: 1.338 Thread 0x00000291bcccb000 nmethod 925 0x00000291ae784a10 code [0x00000291ae784c40, 0x00000291ae7854f8]
Event: 1.338 Thread 0x00000291bcccb000  933       4       java.awt.Component::getTreeLock (4 bytes)
Event: 1.338 Thread 0x00000291bcccb000 nmethod 933 0x00000291ae785910 code [0x00000291ae785a80, 0x00000291ae785af8]
Event: 1.338 Thread 0x00000291bcccb000  930 % !   4       sun.awt.image.ImageRepresentation::getOpaqueRGBImage @ 54 (164 bytes)
Event: 1.358 Thread 0x00000291bccd5000  934       3       java.awt.Component::getContainer (5 bytes)
Event: 1.359 Thread 0x00000291bccd5000 nmethod 934 0x00000291a739a010 code [0x00000291a739a1a0, 0x00000291a739a2d8]
Event: 1.359 Thread 0x00000291bccd5000  935       3       sun.awt.SunToolkit::getSystemEventQueueImplPP (13 bytes)
Event: 1.359 Thread 0x00000291bccd5000 nmethod 935 0x00000291a739a390 code [0x00000291a739a540, 0x00000291a739a768]

GC Heap History (2 events):
Event: 1.294 GC heap before
{Heap before GC invocations=0 (full 0):
 garbage-first heap   total 131072K, used 15360K [0x0000000081a00000, 0x0000000100000000)
  region size 1024K, 13 young (13312K), 0 survivors (0K)
 Metaspace       used 7139K, capacity 7405K, committed 7680K, reserved 1056768K
  class space    used 794K, capacity 921K, committed 1024K, reserved 1048576K
}
Event: 1.298 GC heap after
{Heap after GC invocations=1 (full 0):
 garbage-first heap   total 131072K, used 8019K [0x0000000081a00000, 0x0000000100000000)
  region size 1024K, 2 young (2048K), 2 survivors (2048K)
 Metaspace       used 7139K, capacity 7405K, committed 7680K, reserved 1056768K
  class space    used 794K, capacity 921K, committed 1024K, reserved 1048576K
}

Deoptimization events (20 events):
Event: 1.328 Thread 0x00000291bd92d800 DEOPT PACKING pc=0x00000291a7398f7e sp=0x00000094502febc0
Event: 1.328 Thread 0x00000291bd92d800 DEOPT UNPACKING pc=0x00000291a6cb964e sp=0x00000094502fe0d0 mode 0
Event: 1.328 Thread 0x00000291bd92d800 DEOPT PACKING pc=0x00000291a7398f7e sp=0x00000094502febc0
Event: 1.328 Thread 0x00000291bd92d800 DEOPT UNPACKING pc=0x00000291a6cb964e sp=0x00000094502fe0d0 mode 0
Event: 1.328 Thread 0x00000291bd92d800 DEOPT PACKING pc=0x00000291a7398f7e sp=0x00000094502febc0
Event: 1.328 Thread 0x00000291bd92d800 DEOPT UNPACKING pc=0x00000291a6cb964e sp=0x00000094502fe0d0 mode 0
Event: 1.328 Thread 0x00000291bd92d800 DEOPT PACKING pc=0x00000291a7398f7e sp=0x00000094502febc0
Event: 1.328 Thread 0x00000291bd92d800 DEOPT UNPACKING pc=0x00000291a6cb964e sp=0x00000094502fe0d0 mode 0
Event: 1.328 Thread 0x00000291bd92d800 DEOPT PACKING pc=0x00000291a7398f7e sp=0x00000094502febc0
Event: 1.328 Thread 0x00000291bd92d800 DEOPT UNPACKING pc=0x00000291a6cb964e sp=0x00000094502fe0d0 mode 0
Event: 1.328 Thread 0x00000291bd92d800 DEOPT PACKING pc=0x00000291a7398f7e sp=0x00000094502febc0
Event: 1.328 Thread 0x00000291bd92d800 DEOPT UNPACKING pc=0x00000291a6cb964e sp=0x00000094502fe0d0 mode 0
Event: 1.328 Thread 0x00000291bd92d800 DEOPT PACKING pc=0x00000291a7398f7e sp=0x00000094502febc0
Event: 1.328 Thread 0x00000291bd92d800 DEOPT UNPACKING pc=0x00000291a6cb964e sp=0x00000094502fe0d0 mode 0
Event: 1.328 Thread 0x00000291bd92d800 DEOPT PACKING pc=0x00000291a7398f7e sp=0x00000094502febc0
Event: 1.328 Thread 0x00000291bd92d800 DEOPT UNPACKING pc=0x00000291a6cb964e sp=0x00000094502fe0d0 mode 0
Event: 1.328 Thread 0x00000291bd92d800 DEOPT PACKING pc=0x00000291a7398f7e sp=0x00000094502febc0
Event: 1.328 Thread 0x00000291bd92d800 DEOPT UNPACKING pc=0x00000291a6cb964e sp=0x00000094502fe0d0 mode 0
Event: 1.328 Thread 0x00000291bd92d800 DEOPT PACKING pc=0x00000291a7398f7e sp=0x00000094502febc0
Event: 1.328 Thread 0x00000291bd92d800 DEOPT UNPACKING pc=0x00000291a6cb964e sp=0x00000094502fe0d0 mode 0

Classes unloaded (0 events):
No events

Classes redefined (0 events):
No events

Internal exceptions (13 events):
Event: 0.104 Thread 0x000002919e4cc800 Exception <a 'java/lang/ClassNotFoundException'{0x00000000898406a8}: sun/awt/resources/spi/awtProvider> (0x00000000898406a8) 
thrown [./open/src/hotspot/share/classfile/systemDictionary.cpp, line 226]
Event: 0.133 Thread 0x000002919e4cc800 Exception <a 'java/io/FileNotFoundException'{0x00000000898968b8}> (0x00000000898968b8) 
thrown [./open/src/hotspot/share/prims/jni.cpp, line 599]
Event: 0.142 Thread 0x000002919e4cc800 Exception <a 'java/io/FileNotFoundException'{0x00000000898bcdc0}> (0x00000000898bcdc0) 
thrown [./open/src/hotspot/share/prims/jni.cpp, line 599]
Event: 0.187 Thread 0x00000291bd8a5800 Exception <a 'java/lang/NoSuchMethodError'{0x0000000089748008}: 'void java.lang.invoke.DirectMethodHandle$Holder.invokeSpecial(java.lang.Object, java.lang.Object)'> (0x0000000089748008) 
thrown [./open/src/hotspot/share/interpreter/linkResolver.cpp, line 766]
Event: 0.219 Thread 0x000002919e4cc800 Exception <a 'java/lang/NoSuchMethodError'{0x00000000897b07d0}: 'java.lang.Object java.lang.invoke.DirectMethodHandle$Holder.invokeStatic(java.lang.Object, int, java.lang.Object, java.lang.Object, java.lang.Object, java.lang.Object)'> (0x00000000897b07d0) 
thrown [./open/src/hotspot/share/interpreter/linkResolver.cpp, line 766]
Event: 0.219 Thread 0x000002919e4cc800 Exception <a 'java/lang/NoSuchMethodError'{0x00000000897b70f0}: 'java.lang.Object java.lang.invoke.DirectMethodHandle$Holder.invokeStatic(java.lang.Object, int, java.lang.Object, java.lang.Object, java.lang.Object)'> (0x00000000897b70f0) 
thrown [./open/src/hotspot/share/interpreter/linkResolver.cpp, line 766]
Event: 0.220 Thread 0x000002919e4cc800 Exception <a 'java/lang/NoSuchMethodError'{0x00000000897ba940}: 'java.lang.Object java.lang.invoke.DirectMethodHandle$Holder.invokeSpecial(java.lang.Object, java.lang.Object, int, java.lang.Object, java.lang.Object, java.lang.Object)'> (0x00000000897ba940) 
thrown [./open/src/hotspot/share/interpreter/linkResolver.cpp, line 766]
Event: 0.223 Thread 0x000002919e4cc800 Exception <a 'java/lang/NoSuchMethodError'{0x00000000897d0f40}: 'java.lang.Object java.lang.invoke.DirectMethodHandle$Holder.invokeStatic(java.lang.Object, int, java.lang.Object)'> (0x00000000897d0f40) 
thrown [./open/src/hotspot/share/interpreter/linkResolver.cpp, line 766]
Event: 0.245 Thread 0x000002919e4cc800 Exception <a 'java/lang/ClassNotFoundException'{0x0000000089674c70}: com/sun/swing/internal/plaf/metal/resources/spi/metalProvider> (0x0000000089674c70) 
thrown [./open/src/hotspot/share/classfile/systemDictionary.cpp, line 226]
Event: 0.247 Thread 0x000002919e4cc800 Exception <a 'java/lang/ClassNotFoundException'{0x000000008967a2b8}: com/sun/swing/internal/plaf/basic/resources/spi/basicProvider> (0x000000008967a2b8) 
thrown [./open/src/hotspot/share/classfile/systemDictionary.cpp, line 226]
Event: 0.321 Thread 0x000002919e4cc800 Exception <a 'java/lang/NoSuchMethodError'{0x00000000896be270}: 'void java.lang.invoke.DirectMethodHandle$Holder.invokeStaticInit(java.lang.Object)'> (0x00000000896be270) 
thrown [./open/src/hotspot/share/interpreter/linkResolver.cpp, line 766]
Event: 0.330 Thread 0x000002919e4cc800 Exception <a 'java/io/FileNotFoundException'{0x0000000089445d70}> (0x0000000089445d70) 
thrown [./open/src/hotspot/share/prims/jni.cpp, line 599]
Event: 0.346 Thread 0x000002919e4cc800 Exception <a 'java/lang/NoSuchMethodError'{0x0000000089498aa8}: 'java.lang.Object java.lang.invoke.Invokers$Holder.linkToTargetMethod(java.lang.Object, int, java.lang.Object)'> (0x0000000089498aa8) 
thrown [./open/src/hotspot/share/interpreter/linkResolver.cpp, line 766]

Events (20 events):
Event: 1.358 Executing VM operation: HandshakeOneThread
Event: 1.358 Executing VM operation: HandshakeOneThread done
Event: 1.358 Executing VM operation: HandshakeOneThread
Event: 1.358 Executing VM operation: HandshakeOneThread done
Event: 1.358 Executing VM operation: HandshakeOneThread
Event: 1.358 Executing VM operation: HandshakeOneThread done
Event: 1.358 Executing VM operation: HandshakeOneThread
Event: 1.358 Executing VM operation: HandshakeOneThread done
Event: 1.359 Executing VM operation: HandshakeOneThread
Event: 1.359 Executing VM operation: HandshakeOneThread done
Event: 1.359 Executing VM operation: HandshakeOneThread
Event: 1.359 Executing VM operation: HandshakeOneThread done
Event: 1.359 Executing VM operation: HandshakeOneThread
Event: 1.359 Executing VM operation: HandshakeOneThread done
Event: 1.359 Executing VM operation: HandshakeOneThread
Event: 1.359 Executing VM operation: HandshakeOneThread done
Event: 1.359 Executing VM operation: HandshakeOneThread
Event: 1.359 Executing VM operation: HandshakeOneThread done
Event: 1.359 loading class java/awt/LightweightDispatcher$2
Event: 1.359 loading class java/awt/LightweightDispatcher$2 done


Dynamic libraries:
0x00007ff7bc8d0000 - 0x00007ff7bc8df000 	C:\Program Files\Java\jdk-14.0.2\bin\javaw.exe
0x00007ff925c60000 - 0x00007ff925e50000 	C:\Windows\SYSTEM32\ntdll.dll
0x00007ff925430000 - 0x00007ff9254e2000 	C:\Windows\System32\KERNEL32.DLL
0x00007ff922be0000 - 0x00007ff922e85000 	C:\Windows\System32\KERNELBASE.dll
0x00007ff923230000 - 0x00007ff92332a000 	C:\Windows\System32\ucrtbase.dll
0x00007ff91c940000 - 0x00007ff91c955000 	C:\Program Files\Java\jdk-14.0.2\bin\VCRUNTIME140.dll
0x00007ff91c960000 - 0x00007ff91c978000 	C:\Program Files\Java\jdk-14.0.2\bin\jli.dll
0x00007ff9259d0000 - 0x00007ff925a73000 	C:\Windows\System32\ADVAPI32.dll
0x00007ff924240000 - 0x00007ff9242de000 	C:\Windows\System32\msvcrt.dll
0x00007ff924ca0000 - 0x00007ff924d37000 	C:\Windows\System32\sechost.dll
0x00007ff9242f0000 - 0x00007ff924410000 	C:\Windows\System32\RPCRT4.dll
0x00007ff925a80000 - 0x00007ff925c14000 	C:\Windows\System32\USER32.dll
0x00007ff910e10000 - 0x00007ff911094000 	C:\Windows\WinSxS\amd64_microsoft.windows.common-controls_6595b64144ccf1df_6.0.18362.1198_none_9e820b57e45ad92f\COMCTL32.dll
0x00007ff9230e0000 - 0x00007ff923101000 	C:\Windows\System32\win32u.dll
0x00007ff923f00000 - 0x00007ff924235000 	C:\Windows\System32\combase.dll
0x00007ff924610000 - 0x00007ff924636000 	C:\Windows\System32\GDI32.dll
0x00007ff9231b0000 - 0x00007ff923230000 	C:\Windows\System32\bcryptPrimitives.dll
0x00007ff9233e0000 - 0x00007ff923576000 	C:\Windows\System32\gdi32full.dll
0x00007ff922ef0000 - 0x00007ff922f8e000 	C:\Windows\System32\msvcp_win.dll
0x00007ff91abe0000 - 0x00007ff91abea000 	C:\Windows\SYSTEM32\VERSION.dll
0x00007ff924640000 - 0x00007ff92466e000 	C:\Windows\System32\IMM32.DLL
0x00007ff91c1e0000 - 0x00007ff91c27b000 	C:\Program Files\Java\jdk-14.0.2\bin\msvcp140.dll
0x00007ff8e6bc0000 - 0x00007ff8e76de000 	C:\Program Files\Java\jdk-14.0.2\bin\server\jvm.dll
0x00007ff9242e0000 - 0x00007ff9242e8000 	C:\Windows\System32\PSAPI.DLL
0x00007ff908dc0000 - 0x00007ff908dc9000 	C:\Windows\SYSTEM32\WSOCK32.dll
0x00007ff9202b0000 - 0x00007ff9202d4000 	C:\Windows\SYSTEM32\WINMM.dll
0x00007ff9258e0000 - 0x00007ff92594f000 	C:\Windows\System32\WS2_32.dll
0x00007ff920280000 - 0x00007ff9202ad000 	C:\Windows\SYSTEM32\WINMMBASE.dll
0x00007ff923160000 - 0x00007ff9231aa000 	C:\Windows\System32\cfgmgr32.dll
0x00007ff922b20000 - 0x00007ff922b31000 	C:\Windows\System32\kernel.appcore.dll
0x00007ff91c8b0000 - 0x00007ff91c8ba000 	C:\Program Files\Java\jdk-14.0.2\bin\jimage.dll
0x00007ff9214d0000 - 0x00007ff9216c4000 	C:\Windows\SYSTEM32\DBGHELP.DLL
0x00007ff90d4f0000 - 0x00007ff90d51a000 	C:\Windows\SYSTEM32\dbgcore.DLL
0x00007ff913420000 - 0x00007ff913445000 	C:\Program Files\Java\jdk-14.0.2\bin\java.dll
0x00007ff91ab20000 - 0x00007ff91ab36000 	C:\Program Files\Java\jdk-14.0.2\bin\zip.dll
0x00007ff924d40000 - 0x00007ff925427000 	C:\Windows\System32\SHELL32.dll
0x00007ff923d20000 - 0x00007ff923dc9000 	C:\Windows\System32\shcore.dll
0x00007ff923580000 - 0x00007ff923d01000 	C:\Windows\System32\windows.storage.dll
0x00007ff922b40000 - 0x00007ff922b63000 	C:\Windows\System32\profapi.dll
0x00007ff922b90000 - 0x00007ff922bda000 	C:\Windows\System32\powrprof.dll
0x00007ff922b10000 - 0x00007ff922b20000 	C:\Windows\System32\UMPDC.dll
0x00007ff924c40000 - 0x00007ff924c92000 	C:\Windows\System32\shlwapi.dll
0x00007ff923110000 - 0x00007ff923127000 	C:\Windows\System32\cryptsp.dll
0x00007ff91b7c0000 - 0x00007ff91b959000 	C:\Program Files\Java\jdk-14.0.2\bin\awt.dll
0x00007ff9254f0000 - 0x00007ff9255b5000 	C:\Windows\System32\OLEAUT32.dll
0x00007ff920930000 - 0x00007ff9209bf000 	C:\Windows\SYSTEM32\apphelp.dll
0x00007ff920f40000 - 0x00007ff920f6d000 	C:\Windows\system32\DWMAPI.DLL
0x00007ff920b10000 - 0x00007ff920ba9000 	C:\Windows\system32\uxtheme.dll
0x00007ff90b960000 - 0x00007ff90bab6000 	C:\Windows\system32\opengl32.dll
0x00007ff91c100000 - 0x00007ff91c12c000 	C:\Windows\SYSTEM32\GLU32.dll
0x00007ff921750000 - 0x00007ff921770000 	C:\Windows\SYSTEM32\dxcore.dll
0x00007ff9244d0000 - 0x00007ff924605000 	C:\Windows\System32\MSCTF.dll
0x00007ff924670000 - 0x00007ff9247c7000 	C:\Windows\System32\ole32.dll
0x00007ff91c150000 - 0x00007ff91c1d2000 	C:\Program Files\Java\jdk-14.0.2\bin\freetype.dll
0x00007ff90fd30000 - 0x00007ff90fdd6000 	C:\Program Files\Java\jdk-14.0.2\bin\fontmanager.dll
0x00007ff9150c0000 - 0x00007ff9150d9000 	C:\Program Files\Java\jdk-14.0.2\bin\net.dll
0x00007ff9152a0000 - 0x00007ff915390000 	C:\Windows\SYSTEM32\WINHTTP.dll
0x00007ff922360000 - 0x00007ff9223c7000 	C:\Windows\system32\mswsock.dll
0x00007ff9138d0000 - 0x00007ff9138e2000 	C:\Program Files\Java\jdk-14.0.2\bin\nio.dll
0x00007ff90a060000 - 0x00007ff90a0fe000 	C:\Windows\System32\TextInputFramework.dll
0x00007ff9202e0000 - 0x00007ff9203b4000 	C:\Windows\System32\CoreMessaging.dll
0x00007ff91dc80000 - 0x00007ff91dfaa000 	C:\Windows\System32\CoreUIComponents.dll
0x00007ff921b50000 - 0x00007ff921b81000 	C:\Windows\SYSTEM32\ntmarta.dll
0x00007ff91e550000 - 0x00007ff91e6a3000 	C:\Windows\SYSTEM32\wintypes.dll
0x00007ff90f140000 - 0x00007ff90f3e7000 	C:\Windows\System32\iertutil.dll
0x00007ff924420000 - 0x00007ff9244c2000 	C:\Windows\System32\clbcatq.dll
0x00007ff8ef2c0000 - 0x00007ff8ef40a000 	C:\Windows\system32\IME\IMETC\IMTCTIP.DLL
0x00007ff8ee6a0000 - 0x00007ff8ee853000 	C:\Windows\SYSTEM32\DUI70.dll
0x00007ff91eaf0000 - 0x00007ff91eb79000 	C:\Windows\SYSTEM32\policymanager.dll
0x00007ff91f150000 - 0x00007ff91f240000 	C:\Windows\SYSTEM32\PROPSYS.dll
0x00007ff91f2c0000 - 0x00007ff91f34a000 	C:\Windows\SYSTEM32\msvcp110_win.dll
0x00007ff8f05e0000 - 0x00007ff8f0718000 	C:\Windows\System32\IME\shared\imetip.dll
0x00007ff91cab0000 - 0x00007ff91cb15000 	C:\Windows\SYSTEM32\OLEACC.dll
0x00007ff8ef270000 - 0x00007ff8ef2bd000 	C:\Windows\system32\IME\IMETC\IMTCCFG.DLL
0x00007ff8e9180000 - 0x00007ff8e9298000 	C:\Windows\system32\IME\IMETC\IMTCCORE.DLL
0x00007ff922f90000 - 0x00007ff9230d9000 	C:\Windows\System32\CRYPT32.dll
0x00007ff922b70000 - 0x00007ff922b82000 	C:\Windows\System32\MSASN1.dll
0x00007ff922630000 - 0x00007ff922656000 	C:\Windows\SYSTEM32\ncrypt.dll
0x00007ff923130000 - 0x00007ff923156000 	C:\Windows\System32\bcrypt.dll
0x00007ff9225f0000 - 0x00007ff92262b000 	C:\Windows\SYSTEM32\NTASN1.dll
0x00007ff8eedb0000 - 0x00007ff8eede8000 	C:\Windows\System32\IME\shared\imecfm.dll
0x00007ff921020000 - 0x00007ff9210fd000 	C:\Windows\SYSTEM32\wer.dll
0x00007ff8e8fc0000 - 0x00007ff8e9177000 	C:\Windows\System32\IME\shared\mscand20.dll
0x00007ff8f0e40000 - 0x00007ff8f0ed3000 	C:\Windows\SYSTEM32\DUser.dll
0x00007ff920740000 - 0x00007ff920747000 	C:\Windows\SYSTEM32\MSIMG32.dll
0x00007ff8f93e0000 - 0x00007ff8f9650000 	C:\Windows\SYSTEM32\UIAutomationCore.DLL

dbghelp: loaded successfully - version: 4.0.5 - missing functions: none
symbol engine: initialized successfully - sym options: 0x614 - pdb path: .;C:\Program Files\Java\jdk-14.0.2\bin;C:\Windows\SYSTEM32;C:\Windows\WinSxS\amd64_microsoft.windows.common-controls_6595b64144ccf1df_6.0.18362.1198_none_9e820b57e45ad92f;C:\Program Files\Java\jdk-14.0.2\bin\server;C:\Windows\system32\IME\IMETC;C:\Windows\System32\IME\shared

VM Arguments:
jvm_args: -Dfile.encoding=MS950 
java_command: ChessGame
java_class_path (initial): C:\Users\ziyua\eclipse-workspace\ChessGame\bin
Launcher Type: SUN_STANDARD

[Global flags]
     intx CICompilerCount                          = 3                                         {product} {ergonomic}
     uint ConcGCThreads                            = 1                                         {product} {ergonomic}
     uint G1ConcRefinementThreads                  = 4                                         {product} {ergonomic}
   size_t G1HeapRegionSize                         = 1048576                                   {product} {ergonomic}
    uintx GCDrainStackTargetSize                   = 64                                        {product} {ergonomic}
   size_t InitialHeapSize                          = 134217728                                 {product} {ergonomic}
   size_t MarkStackSize                            = 4194304                                   {product} {ergonomic}
   size_t MaxHeapSize                              = 2120220672                                {product} {ergonomic}
   size_t MaxNewSize                               = 1271922688                                {product} {ergonomic}
   size_t MinHeapDeltaBytes                        = 1048576                                   {product} {ergonomic}
   size_t MinHeapSize                              = 8388608                                   {product} {ergonomic}
    uintx NonNMethodCodeHeapSize                   = 5832780                                {pd product} {ergonomic}
    uintx NonProfiledCodeHeapSize                  = 122912730                              {pd product} {ergonomic}
    uintx ProfiledCodeHeapSize                     = 122912730                              {pd product} {ergonomic}
    uintx ReservedCodeCacheSize                    = 251658240                              {pd product} {ergonomic}
     bool SegmentedCodeCache                       = true                                      {product} {ergonomic}
   size_t SoftMaxHeapSize                          = 2120220672                             {manageable} {ergonomic}
     bool UseCompressedClassPointers               = true                                 {lp64_product} {ergonomic}
     bool UseCompressedOops                        = true                                 {lp64_product} {ergonomic}
     bool UseG1GC                                  = true                                      {product} {ergonomic}
     bool UseLargePagesIndividualAllocation        = false                                  {pd product} {ergonomic}

Logging:
Log output configuration:
 #0: stdout all=warning uptime,level,tags
 #1: stderr all=off uptime,level,tags

Environment Variables:
PATH=C:/Program Files/Java/jdk-14.0.2/bin/server;C:/Program Files/Java/jdk-14.0.2/bin;C:\Windows\system32;C:\Windows;C:\Windows\System32\Wbem;C:\Windows\System32\WindowsPowerShell\v1.0\;C:\Windows\System32\OpenSSH\;C:\Program Files\Git\cmd;C:\Program Files (x86)\NVIDIA Corporation\PhysX\Common;C:\Users\ziyua\AppData\Local\Microsoft\WindowsApps;;C:\Users\ziyua\AppData\Local\Programs\Microsoft VS Code\bin;C:\Users\ziyua\Desktop;
USERNAME=ziyua
OS=Windows_NT
PROCESSOR_IDENTIFIER=Intel64 Family 6 Model 158 Stepping 9, GenuineIntel



---------------  S Y S T E M  ---------------

OS: Windows 10 , 64 bit Build 18362 (10.0.18362.1110)
OS uptime: 7 days 11:35 hours

CPU:total 4 (initial active 4) (4 cores per cpu, 1 threads per core) family 6 model 158 stepping 9, cmov, cx8, fxsr, mmx, sse, sse2, sse3, ssse3, sse4.1, sse4.2, popcnt, avx, avx2, aes, clmul, erms, 3dnowpref, lzcnt, tsc, tscinvbit, bmi1, bmi2, adx, fma

Memory: 4k page, system-wide physical 8084M (1834M free)
TotalPageFile size 23110M (AvailPageFile size 5M)
current process WorkingSet (physical memory assigned to process): 89M, peak: 89M
current process commit charge ("private bytes"): 224M, peak: 229M

vm_info: Java HotSpot(TM) 64-Bit Server VM (14.0.2+12-46) for windows-amd64 JRE (14.0.2+12-46), built on Jul  9 2020 00:35:52 by "mach5one" with MS VC++ 15.9 (VS2017)

END.
